<?xml version="1.0" encoding="UTF-8"?>
<testsuite xmlns:xsi="http://www.w3.org/2001/XMLSchema-instance" xsi:noNamespaceSchemaLocation="https://maven.apache.org/surefire/maven-surefire-plugin/xsd/surefire-test-report.xsd" version="3.0.1" name="br.ufrn.batalharpg.PersonagemTest" time="0.229" tests="48" errors="0" skipped="0" failures="0">
  <properties>
    <property name="java.specification.version" value="21"/>
    <property name="sun.cpu.isalist" value="amd64"/>
    <property name="sun.jnu.encoding" value="Cp1252"/>
    <property name="java.class.path" value="C:\Users\user\IdeaProjects\batalha-rpg-teste-de-software\teste-software-batalha-rpg\target\test-classes;C:\Users\user\IdeaProjects\batalha-rpg-teste-de-software\teste-software-batalha-rpg\target\classes;C:\Users\user\.m2\repository\org\junit\jupiter\junit-jupiter-api\5.11.0\junit-jupiter-api-5.11.0.jar;C:\Users\user\.m2\repository\org\opentest4j\opentest4j\1.3.0\opentest4j-1.3.0.jar;C:\Users\user\.m2\repository\org\junit\platform\junit-platform-commons\1.11.0\junit-platform-commons-1.11.0.jar;C:\Users\user\.m2\repository\org\apiguardian\apiguardian-api\1.1.2\apiguardian-api-1.1.2.jar;C:\Users\user\.m2\repository\org\apache\commons\commons-csv\1.10.0\commons-csv-1.10.0.jar;C:\Users\user\.m2\repository\org\junit\jupiter\junit-jupiter-params\5.11.0\junit-jupiter-params-5.11.0.jar;"/>
    <property name="java.vm.vendor" value="BellSoft"/>
    <property name="sun.arch.data.model" value="64"/>
    <property name="user.variant" value=""/>
    <property name="java.vendor.url" value="https://bell-sw.com/"/>
    <property name="user.timezone" value="America/Sao_Paulo"/>
    <property name="os.name" value="Windows 10"/>
    <property name="java.vm.specification.version" value="21"/>
    <property name="sun.java.launcher" value="SUN_STANDARD"/>
    <property name="user.country" value="BR"/>
    <property name="sun.boot.library.path" value="C:\Program Files\BellSoft\LibericaJDK-21\bin"/>
    <property name="sun.java.command" value="C:\Users\user\AppData\Local\Temp\surefire18107097249748850620\surefirebooter-20241215193216588_3.jar C:\Users\user\AppData\Local\Temp\surefire18107097249748850620 2024-12-15T19-32-16_346-jvmRun1 surefire-20241215193216588_1tmp surefire_0-20241215193216588_2tmp"/>
    <property name="jdk.debug" value="release"/>
    <property name="surefire.test.class.path" value="C:\Users\user\IdeaProjects\batalha-rpg-teste-de-software\teste-software-batalha-rpg\target\test-classes;C:\Users\user\IdeaProjects\batalha-rpg-teste-de-software\teste-software-batalha-rpg\target\classes;C:\Users\user\.m2\repository\org\junit\jupiter\junit-jupiter-api\5.11.0\junit-jupiter-api-5.11.0.jar;C:\Users\user\.m2\repository\org\opentest4j\opentest4j\1.3.0\opentest4j-1.3.0.jar;C:\Users\user\.m2\repository\org\junit\platform\junit-platform-commons\1.11.0\junit-platform-commons-1.11.0.jar;C:\Users\user\.m2\repository\org\apiguardian\apiguardian-api\1.1.2\apiguardian-api-1.1.2.jar;C:\Users\user\.m2\repository\org\apache\commons\commons-csv\1.10.0\commons-csv-1.10.0.jar;C:\Users\user\.m2\repository\org\junit\jupiter\junit-jupiter-params\5.11.0\junit-jupiter-params-5.11.0.jar;"/>
    <property name="sun.cpu.endian" value="little"/>
    <property name="user.home" value="C:\Users\user"/>
    <property name="user.language" value="pt"/>
    <property name="java.specification.vendor" value="Oracle Corporation"/>
    <property name="java.version.date" value="2024-01-16"/>
    <property name="java.home" value="C:\Program Files\BellSoft\LibericaJDK-21"/>
    <property name="file.separator" value="\"/>
    <property name="basedir" value="C:\Users\user\IdeaProjects\batalha-rpg-teste-de-software\teste-software-batalha-rpg"/>
    <property name="java.vm.compressedOopsMode" value="32-bit"/>
    <property name="line.separator" value="&#10;"/>
    <property name="java.vm.specification.vendor" value="Oracle Corporation"/>
    <property name="java.specification.name" value="Java Platform API Specification"/>
    <property name="surefire.real.class.path" value="C:\Users\user\AppData\Local\Temp\surefire18107097249748850620\surefirebooter-20241215193216588_3.jar"/>
    <property name="user.script" value=""/>
    <property name="sun.management.compiler" value="HotSpot 64-Bit Tiered Compilers"/>
    <property name="java.runtime.version" value="21.0.2+14-LTS"/>
    <property name="user.name" value="user"/>
    <property name="stdout.encoding" value="Cp1252"/>
    <property name="path.separator" value=";"/>
    <property name="os.version" value="10.0"/>
    <property name="java.runtime.name" value="OpenJDK Runtime Environment"/>
    <property name="file.encoding" value="UTF-8"/>
    <property name="java.vm.name" value="OpenJDK 64-Bit Server VM"/>
    <property name="localRepository" value="C:\Users\user\.m2\repository"/>
    <property name="java.vendor.url.bug" value="https://bell-sw.com/support"/>
    <property name="java.io.tmpdir" value="C:\Users\user\AppData\Local\Temp\"/>
    <property name="java.version" value="21.0.2"/>
    <property name="user.dir" value="C:\Users\user\IdeaProjects\batalha-rpg-teste-de-software\teste-software-batalha-rpg"/>
    <property name="os.arch" value="amd64"/>
    <property name="java.vm.specification.name" value="Java Virtual Machine Specification"/>
    <property name="sun.os.patch.level" value=""/>
    <property name="native.encoding" value="Cp1252"/>
    <property name="java.library.path" value="C:\Program Files\BellSoft\LibericaJDK-21\bin;C:\Windows\Sun\Java\bin;C:\Windows\system32;C:\Windows;C:\Program Files\BellSoft\LibericaJDK-21\bin\;C:\Program Files (x86)\Common Files\Oracle\Java\javapath;C:\Windows\system32;C:\Windows;C:\Windows\System32\Wbem;C:\Windows\System32\WindowsPowerShell\v1.0\;C:\Windows\System32\OpenSSH\;C:\Program Files\dotnet\;C:\Program Files (x86)\Intel\Intel(R) Management Engine Components\DAL;C:\Program Files\Intel\Intel(R) Management Engine Components\DAL;C:\Program Files\Git\cmd;C:\Program Files\nodejs\;C:\Users\user\Downloads\apache-maven-3.9.9-bin\apache-maven-3.9.9\bin;C:\Users\user\AppData\Local\Microsoft\WindowsApps;C:\Users\user\AppData\Local\Programs\Microsoft VS Code\bin;C:\MinGW\bin;C:\Users\user\AppData\Local\GitHubDesktop\bin;C:\src\flutter\flutter\bin;C:\Users\user\AppData\Roaming\npm;."/>
    <property name="java.vm.info" value="mixed mode, sharing"/>
    <property name="stderr.encoding" value="Cp1252"/>
    <property name="java.vendor" value="BellSoft"/>
    <property name="java.vm.version" value="21.0.2+14-LTS"/>
    <property name="sun.io.unicode.encoding" value="UnicodeLittle"/>
    <property name="java.class.version" value="65.0"/>
  </properties>
  <testcase name="carregarTestesDoCSV" classname="br.ufrn.batalharpg.PersonagemTest" time="0.026"/>
  <testcase name="carregarTestesDoCSV" classname="br.ufrn.batalharpg.PersonagemTest" time="0.001"/>
  <testcase name="carregarTestesDoCSV" classname="br.ufrn.batalharpg.PersonagemTest" time="0.001"/>
  <testcase name="carregarTestesDoCSV" classname="br.ufrn.batalharpg.PersonagemTest" time="0.003"/>
  <testcase name="carregarTestesDoCSV" classname="br.ufrn.batalharpg.PersonagemTest" time="0.0"/>
  <testcase name="carregarTestesDoCSV" classname="br.ufrn.batalharpg.PersonagemTest" time="0.003"/>
  <testcase name="carregarTestesDoCSV" classname="br.ufrn.batalharpg.PersonagemTest" time="0.001"/>
  <testcase name="carregarTestesDoCSV" classname="br.ufrn.batalharpg.PersonagemTest" time="0.001"/>
  <testcase name="carregarTestesDoCSV" classname="br.ufrn.batalharpg.PersonagemTest" time="0.002"/>
  <testcase name="carregarTestesDoCSV" classname="br.ufrn.batalharpg.PersonagemTest" time="0.002"/>
  <testcase name="carregarTestesDoCSV" classname="br.ufrn.batalharpg.PersonagemTest" time="0.002"/>
  <testcase name="carregarTestesDoCSV" classname="br.ufrn.batalharpg.PersonagemTest" time="0.002"/>
  <testcase name="carregarTestesDoCSV" classname="br.ufrn.batalharpg.PersonagemTest" time="0.002"/>
  <testcase name="carregarTestesDoCSV" classname="br.ufrn.batalharpg.PersonagemTest" time="0.001"/>
  <testcase name="carregarTestesDoCSV" classname="br.ufrn.batalharpg.PersonagemTest" time="0.001"/>
  <testcase name="carregarTestesDoCSV" classname="br.ufrn.batalharpg.PersonagemTest" time="0.0"/>
  <testcase name="carregarTestesDoCSV" classname="br.ufrn.batalharpg.PersonagemTest" time="0.001"/>
  <testcase name="carregarTestesDoCSV" classname="br.ufrn.batalharpg.PersonagemTest" time="0.001"/>
  <testcase name="carregarTestesDoCSV" classname="br.ufrn.batalharpg.PersonagemTest" time="0.001"/>
  <testcase name="carregarTestesDoCSV" classname="br.ufrn.batalharpg.PersonagemTest" time="0.0"/>
  <testcase name="carregarTestesDoCSV" classname="br.ufrn.batalharpg.PersonagemTest" time="0.002"/>
  <testcase name="carregarTestesDoCSV" classname="br.ufrn.batalharpg.PersonagemTest" time="0.002"/>
  <testcase name="carregarTestesDoCSV" classname="br.ufrn.batalharpg.PersonagemTest" time="0.001"/>
  <testcase name="carregarTestesDoCSV" classname="br.ufrn.batalharpg.PersonagemTest" time="0.002"/>
  <testcase name="carregarTestesDoCSV" classname="br.ufrn.batalharpg.PersonagemTest" time="0.001"/>
  <testcase name="carregarTestesDoCSV" classname="br.ufrn.batalharpg.PersonagemTest" time="0.0"/>
  <testcase name="carregarTestesDoCSV" classname="br.ufrn.batalharpg.PersonagemTest" time="0.0"/>
  <testcase name="carregarTestesDoCSV" classname="br.ufrn.batalharpg.PersonagemTest" time="0.0"/>
  <testcase name="carregarTestesDoCSV" classname="br.ufrn.batalharpg.PersonagemTest" time="0.0"/>
  <testcase name="carregarTestesDoCSV" classname="br.ufrn.batalharpg.PersonagemTest" time="0.0"/>
  <testcase name="carregarTestesDoCSV" classname="br.ufrn.batalharpg.PersonagemTest" time="0.001"/>
  <testcase name="carregarTestesDoCSV" classname="br.ufrn.batalharpg.PersonagemTest" time="0.001"/>
  <testcase name="carregarTestesDoCSV" classname="br.ufrn.batalharpg.PersonagemTest" time="0.001"/>
  <testcase name="carregarTestesDoCSV" classname="br.ufrn.batalharpg.PersonagemTest" time="0.001"/>
  <testcase name="carregarTestesDoCSV" classname="br.ufrn.batalharpg.PersonagemTest" time="0.0"/>
  <testcase name="carregarTestesDoCSV" classname="br.ufrn.batalharpg.PersonagemTest" time="0.001"/>
  <testcase name="carregarTestesDoCSV" classname="br.ufrn.batalharpg.PersonagemTest" time="0.002"/>
  <testcase name="carregarTestesDoCSV" classname="br.ufrn.batalharpg.PersonagemTest" time="0.001"/>
  <testcase name="carregarTestesDoCSV" classname="br.ufrn.batalharpg.PersonagemTest" time="0.001"/>
  <testcase name="carregarTestesDoCSV" classname="br.ufrn.batalharpg.PersonagemTest" time="0.001"/>
  <testcase name="carregarTestesDoCSV" classname="br.ufrn.batalharpg.PersonagemTest" time="0.001"/>
  <testcase name="carregarTestesDoCSV" classname="br.ufrn.batalharpg.PersonagemTest" time="0.001"/>
  <testcase name="carregarTestesDoCSV" classname="br.ufrn.batalharpg.PersonagemTest" time="0.001"/>
  <testcase name="carregarTestesDoCSV" classname="br.ufrn.batalharpg.PersonagemTest" time="0.0"/>
  <testcase name="carregarTestesDoCSV" classname="br.ufrn.batalharpg.PersonagemTest" time="0.0"/>
  <testcase name="carregarTestesDoCSV" classname="br.ufrn.batalharpg.PersonagemTest" time="0.0"/>
  <testcase name="carregarTestesDoCSV" classname="br.ufrn.batalharpg.PersonagemTest" time="0.001"/>
  <testcase name="carregarTestesDoCSV" classname="br.ufrn.batalharpg.PersonagemTest" time="0.0"/>
</testsuite>